<?xml version="1.0" encoding="UTF-8"?>
<!-- Generated by org.testng.reporters.JUnitXMLReporter -->
<testsuite hostname="DESKTOP-S8RPS5V" ignored="0" name="Default test" tests="10" failures="0" timestamp="04 Sep 2018 03:03:30 GMT" time="331.074" errors="0">
  <testcase name="navigate" time="19.226" classname="test.PurchaseTest"/>
  <testcase name="navigation" time="34.973" classname="test.PurchaseTest"/>
  <testcase name="navigation" time="36.796" classname="test.PurchaseTest"/>
  <testcase name="navigation" time="43.233" classname="test.PurchaseTest"/>
  <testcase name="navigation" time="36.685" classname="test.PurchaseTest"/>
  <testcase name="navigation" time="37.343" classname="test.PurchaseTest"/>
  <testcase name="navigation" time="30.815" classname="test.PurchaseTest"/>
  <testcase name="navigation" time="34.417" classname="test.PurchaseTest"/>
  <testcase name="navigation" time="22.417" classname="test.PurchaseTest"/>
  <testcase name="navigation" time="34.215" classname="test.PurchaseTest"/>
</testsuite> <!-- Default test -->
