<?xml version="1.0" encoding="UTF-8"?>
<testng-results skipped="0" failed="0" ignored="0" total="10" passed="10">
  <reporter-output>
  </reporter-output>
  <suite name="Default suite" duration-ms="331074" started-at="2018-09-04T02:57:59Z" finished-at="2018-09-04T03:03:30Z">
    <groups>
    </groups>
    <test name="Default test" duration-ms="331074" started-at="2018-09-04T02:57:59Z" finished-at="2018-09-04T03:03:30Z">
      <class name="test.PurchaseTest">
        <test-method status="PASS" signature="StartHTMLReporting()[pri:0, instance:test.PurchaseTest@1a968a59]" name="StartHTMLReporting" is-config="true" duration-ms="32" started-at="2018-09-04T02:57:59Z" finished-at="2018-09-04T02:57:59Z">
          <reporter-output>
          </reporter-output>
        </test-method> <!-- StartHTMLReporting -->
        <test-method status="PASS" signature="navigate()[pri:0, instance:test.PurchaseTest@1a968a59]" name="navigate" duration-ms="19226" started-at="2018-09-04T02:57:59Z" finished-at="2018-09-04T02:58:18Z">
          <reporter-output>
          </reporter-output>
        </test-method> <!-- navigate -->
        <test-method status="PASS" signature="navigation(java.lang.String, java.lang.String, java.lang.String, java.lang.String, java.lang.String, java.lang.String, java.lang.String, java.lang.String, java.lang.String, java.lang.String)[pri:0, instance:test.PurchaseTest@1a968a59]" name="navigation" duration-ms="34973" started-at="2018-09-04T02:58:19Z" data-provider="getData" finished-at="2018-09-04T02:58:54Z">
          <params>
            <param index="0">
              <value>
                <![CDATA[goku@gmail.com]]>
              </value>
            </param>
            <param index="1">
              <value>
                <![CDATA[kakarot]]>
              </value>
            </param>
            <param index="2">
              <value>
                <![CDATA[saiyan]]>
              </value>
            </param>
            <param index="3">
              <value>
                <![CDATA[121 richmond street]]>
              </value>
            </param>
            <param index="4">
              <value>
                <![CDATA[miss]]>
              </value>
            </param>
            <param index="5">
              <value>
                <![CDATA[ON]]>
              </value>
            </param>
            <param index="6">
              <value>
                <![CDATA[Canada]]>
              </value>
            </param>
            <param index="7">
              <value>
                <![CDATA[L5R 3Z9]]>
              </value>
            </param>
            <param index="8">
              <value>
                <![CDATA[6478958552]]>
              </value>
            </param>
            <param index="9">
              <value>
                <![CDATA[]]>
              </value>
            </param>
          </params>
          <reporter-output>
          </reporter-output>
        </test-method> <!-- navigation -->
        <test-method status="PASS" signature="navigation(java.lang.String, java.lang.String, java.lang.String, java.lang.String, java.lang.String, java.lang.String, java.lang.String, java.lang.String, java.lang.String, java.lang.String)[pri:0, instance:test.PurchaseTest@1a968a59]" name="navigation" duration-ms="36796" started-at="2018-09-04T02:58:54Z" data-provider="getData" finished-at="2018-09-04T02:59:31Z">
          <params>
            <param index="0">
              <value>
                <![CDATA[3.684568765E9]]>
              </value>
            </param>
            <param index="1">
              <value>
                <![CDATA[2.3423432E7]]>
              </value>
            </param>
            <param index="2">
              <value>
                <![CDATA[2.3423423E7]]>
              </value>
            </param>
            <param index="3">
              <value>
                <![CDATA[2.34234324E8]]>
              </value>
            </param>
            <param index="4">
              <value>
                <![CDATA[2.3432423234E10]]>
              </value>
            </param>
            <param index="5">
              <value>
                <![CDATA[234324.0]]>
              </value>
            </param>
            <param index="6">
              <value>
                <![CDATA[2.3423432423E10]]>
              </value>
            </param>
            <param index="7">
              <value>
                <![CDATA[2.3432423E7]]>
              </value>
            </param>
            <param index="8">
              <value>
                <![CDATA[9.82457894256894E+54]]>
              </value>
            </param>
            <param index="9">
              <value>
                <![CDATA[]]>
              </value>
            </param>
          </params>
          <reporter-output>
          </reporter-output>
        </test-method> <!-- navigation -->
        <test-method status="PASS" signature="navigation(java.lang.String, java.lang.String, java.lang.String, java.lang.String, java.lang.String, java.lang.String, java.lang.String, java.lang.String, java.lang.String, java.lang.String)[pri:0, instance:test.PurchaseTest@1a968a59]" name="navigation" duration-ms="43233" started-at="2018-09-04T02:59:31Z" data-provider="getData" finished-at="2018-09-04T03:00:14Z">
          <params>
            <param index="0">
              <value>
                <![CDATA[swagat@gmail.com]]>
              </value>
            </param>
            <param index="1">
              <value>
                <![CDATA[]]>
              </value>
            </param>
            <param index="2">
              <value>
                <![CDATA[wilson]]>
              </value>
            </param>
            <param index="3">
              <value>
                <![CDATA[65 howzard street ]]>
              </value>
            </param>
            <param index="4">
              <value>
                <![CDATA[ken]]>
              </value>
            </param>
            <param index="5">
              <value>
                <![CDATA[ON]]>
              </value>
            </param>
            <param index="6">
              <value>
                <![CDATA[Canada]]>
              </value>
            </param>
            <param index="7">
              <value>
                <![CDATA[LE3 2M7]]>
              </value>
            </param>
            <param index="8">
              <value>
                <![CDATA[6478952554]]>
              </value>
            </param>
            <param index="9">
              <value>
                <![CDATA[]]>
              </value>
            </param>
          </params>
          <reporter-output>
          </reporter-output>
        </test-method> <!-- navigation -->
        <test-method status="PASS" signature="navigation(java.lang.String, java.lang.String, java.lang.String, java.lang.String, java.lang.String, java.lang.String, java.lang.String, java.lang.String, java.lang.String, java.lang.String)[pri:0, instance:test.PurchaseTest@1a968a59]" name="navigation" duration-ms="36685" started-at="2018-09-04T03:00:14Z" data-provider="getData" finished-at="2018-09-04T03:00:51Z">
          <params>
            <param index="0">
              <value>
                <![CDATA[what@gmail.com]]>
              </value>
            </param>
            <param index="1">
              <value>
                <![CDATA[harry]]>
              </value>
            </param>
            <param index="2">
              <value>
                <![CDATA[]]>
              </value>
            </param>
            <param index="3">
              <value>
                <![CDATA[skjlfghsukfghu sdkjg dsjgfdkjsdgfjsd fkjdh fskjdgf kjsgf skjtf skjdhfjksdhjflkhdslkjfhlkjasdhfkdsjgfjdagfkjsdgfkjshfskdfhsdlk;hfskjdtfhkjsdfhkjsdhfkjsdhfkjsdhfkjsdhfkjdshfkjsdhfkjshdflkjghsdkljgfdjkgkjdgjladgfuirwqyuriuwkjfdkjsadghfa;skhf;ksdjnfkjsdfbkjsdfjksdgfkjsdgfkjlsdbfsd fkjbsdfjkbdsbfdjskfbdsjkbfjdskgfkjdsbfjksdbflkjdsfblkjdsfjkdsfjdskfbjsdkbfkjdsbfksjdbfklsdbfkjsdbflkjdsbfkjldsbfkljsdbfkjldfghrjkehkjhdfkjbfdlkjbfnjklbfkjdsbfkjldsbfjkhdsfkjsdhfjkldshfkjdshfkjldfshkjfdshdsjkfhdskjflhdfskjhdsfjkhfdjahfkjdlfsh]]>
              </value>
            </param>
            <param index="4">
              <value>
                <![CDATA[den]]>
              </value>
            </param>
            <param index="5">
              <value>
                <![CDATA[ON]]>
              </value>
            </param>
            <param index="6">
              <value>
                <![CDATA[Canada]]>
              </value>
            </param>
            <param index="7">
              <value>
                <![CDATA[K62 7Y9]]>
              </value>
            </param>
            <param index="8">
              <value>
                <![CDATA[5]]>
              </value>
            </param>
            <param index="9">
              <value>
                <![CDATA[]]>
              </value>
            </param>
          </params>
          <reporter-output>
          </reporter-output>
        </test-method> <!-- navigation -->
        <test-method status="PASS" signature="navigation(java.lang.String, java.lang.String, java.lang.String, java.lang.String, java.lang.String, java.lang.String, java.lang.String, java.lang.String, java.lang.String, java.lang.String)[pri:0, instance:test.PurchaseTest@1a968a59]" name="navigation" duration-ms="37343" started-at="2018-09-04T03:00:51Z" data-provider="getData" finished-at="2018-09-04T03:01:28Z">
          <params>
            <param index="0">
              <value>
                <![CDATA[okaynow@gmail.edu]]>
              </value>
            </param>
            <param index="1">
              <value>
                <![CDATA[Bonjour]]>
              </value>
            </param>
            <param index="2">
              <value>
                <![CDATA[你好]]>
              </value>
            </param>
            <param index="3">
              <value>
                <![CDATA[tree street]]>
              </value>
            </param>
            <param index="4">
              <value>
                <![CDATA[missi]]>
              </value>
            </param>
            <param index="5">
              <value>
                <![CDATA[ON]]>
              </value>
            </param>
            <param index="6">
              <value>
                <![CDATA[Canada]]>
              </value>
            </param>
            <param index="7">
              <value>
                <![CDATA[sjkdfgdsjfg]]>
              </value>
            </param>
            <param index="8">
              <value>
                <![CDATA[164783930303]]>
              </value>
            </param>
            <param index="9">
              <value>
                <![CDATA[]]>
              </value>
            </param>
          </params>
          <reporter-output>
          </reporter-output>
        </test-method> <!-- navigation -->
        <test-method status="PASS" signature="navigation(java.lang.String, java.lang.String, java.lang.String, java.lang.String, java.lang.String, java.lang.String, java.lang.String, java.lang.String, java.lang.String, java.lang.String)[pri:0, instance:test.PurchaseTest@1a968a59]" name="navigation" duration-ms="30815" started-at="2018-09-04T03:01:28Z" data-provider="getData" finished-at="2018-09-04T03:01:59Z">
          <params>
            <param index="0">
              <value>
                <![CDATA[slam@gmail.io]]>
              </value>
            </param>
            <param index="1">
              <value>
                <![CDATA[john]]>
              </value>
            </param>
            <param index="2">
              <value>
                <![CDATA[mcray]]>
              </value>
            </param>
            <param index="3">
              <value>
                <![CDATA[d]]>
              </value>
            </param>
            <param index="4">
              <value>
                <![CDATA[Center]]>
              </value>
            </param>
            <param index="5">
              <value>
                <![CDATA[ON]]>
              </value>
            </param>
            <param index="6">
              <value>
                <![CDATA[Canada]]>
              </value>
            </param>
            <param index="7">
              <value>
                <![CDATA[Y52 8O2]]>
              </value>
            </param>
            <param index="8">
              <value>
                <![CDATA[985264751]]>
              </value>
            </param>
            <param index="9">
              <value>
                <![CDATA[]]>
              </value>
            </param>
          </params>
          <reporter-output>
          </reporter-output>
        </test-method> <!-- navigation -->
        <test-method status="PASS" signature="navigation(java.lang.String, java.lang.String, java.lang.String, java.lang.String, java.lang.String, java.lang.String, java.lang.String, java.lang.String, java.lang.String, java.lang.String)[pri:0, instance:test.PurchaseTest@1a968a59]" name="navigation" duration-ms="34417" started-at="2018-09-04T03:01:59Z" data-provider="getData" finished-at="2018-09-04T03:02:34Z">
          <params>
            <param index="0">
              <value>
                <![CDATA[slam@gmail.net]]>
              </value>
            </param>
            <param index="1">
              <value>
                <![CDATA[flkfklsdjf]]>
              </value>
            </param>
            <param index="2">
              <value>
                <![CDATA[djnskjgfn]]>
              </value>
            </param>
            <param index="3">
              <value>
                <![CDATA[dskjfnjksf]]>
              </value>
            </param>
            <param index="4">
              <value>
                <![CDATA[gsdgkn]]>
              </value>
            </param>
            <param index="5">
              <value>
                <![CDATA[ON]]>
              </value>
            </param>
            <param index="6">
              <value>
                <![CDATA[Canada]]>
              </value>
            </param>
            <param index="7">
              <value>
                <![CDATA[dskjfdn]]>
              </value>
            </param>
            <param index="8">
              <value>
                <![CDATA[5464564565]]>
              </value>
            </param>
            <param index="9">
              <value>
                <![CDATA[]]>
              </value>
            </param>
          </params>
          <reporter-output>
          </reporter-output>
        </test-method> <!-- navigation -->
        <test-method status="PASS" signature="navigation(java.lang.String, java.lang.String, java.lang.String, java.lang.String, java.lang.String, java.lang.String, java.lang.String, java.lang.String, java.lang.String, java.lang.String)[pri:0, instance:test.PurchaseTest@1a968a59]" name="navigation" duration-ms="22417" started-at="2018-09-04T03:02:34Z" data-provider="getData" finished-at="2018-09-04T03:02:56Z">
          <params>
            <param index="0">
              <value>
                <![CDATA[mère@père.परिवार]]>
              </value>
            </param>
            <param index="1">
              <value>
                <![CDATA[slam]]>
              </value>
            </param>
            <param index="2">
              <value>
                <![CDATA[johnson]]>
              </value>
            </param>
            <param index="3">
              <value>
                <![CDATA[545 strreettt]]>
              </value>
            </param>
            <param index="4">
              <value>
                <![CDATA[kitchner]]>
              </value>
            </param>
            <param index="5">
              <value>
                <![CDATA[ON]]>
              </value>
            </param>
            <param index="6">
              <value>
                <![CDATA[Canada]]>
              </value>
            </param>
            <param index="7">
              <value>
                <![CDATA[LY7 7U8]]>
              </value>
            </param>
            <param index="8">
              <value>
                <![CDATA[4365456465]]>
              </value>
            </param>
            <param index="9">
              <value>
                <![CDATA[]]>
              </value>
            </param>
          </params>
          <reporter-output>
          </reporter-output>
        </test-method> <!-- navigation -->
        <test-method status="PASS" signature="navigation(java.lang.String, java.lang.String, java.lang.String, java.lang.String, java.lang.String, java.lang.String, java.lang.String, java.lang.String, java.lang.String, java.lang.String)[pri:0, instance:test.PurchaseTest@1a968a59]" name="navigation" duration-ms="34215" started-at="2018-09-04T03:02:56Z" data-provider="getData" finished-at="2018-09-04T03:03:30Z">
          <params>
            <param index="0">
              <value>
                <![CDATA[狗@馬.猴]]>
              </value>
            </param>
            <param index="1">
              <value>
                <![CDATA[克己]]>
              </value>
            </param>
            <param index="2">
              <value>
                <![CDATA[死神]]>
              </value>
            </param>
            <param index="3">
              <value>
                <![CDATA[中華民國]]>
              </value>
            </param>
            <param index="4">
              <value>
                <![CDATA[人民東街]]>
              </value>
            </param>
            <param index="5">
              <value>
                <![CDATA[省]]>
              </value>
            </param>
            <param index="6">
              <value>
                <![CDATA[China]]>
              </value>
            </param>
            <param index="7">
              <value>
                <![CDATA[650031]]>
              </value>
            </param>
            <param index="8">
              <value>
                <![CDATA[8656886r4546]]>
              </value>
            </param>
            <param index="9">
              <value>
                <![CDATA[]]>
              </value>
            </param>
          </params>
          <reporter-output>
          </reporter-output>
        </test-method> <!-- navigation -->
        <test-method status="PASS" signature="TerminateHTMLReporting()[pri:0, instance:test.PurchaseTest@1a968a59]" name="TerminateHTMLReporting" is-config="true" duration-ms="13" started-at="2018-09-04T03:03:30Z" finished-at="2018-09-04T03:03:30Z">
          <reporter-output>
          </reporter-output>
        </test-method> <!-- TerminateHTMLReporting -->
      </class> <!-- test.PurchaseTest -->
    </test> <!-- Default test -->
  </suite> <!-- Default suite -->
</testng-results>
